make.exe all --print-data-base --no-builtin-variables --no-builtin-rules --question
# GNU Make 3.81
# Copyright (C) 2006  Free Software Foundation, Inc.
# This is free software; see the source for copying conditions.
# There is NO warranty; not even for MERCHANTABILITY or FITNESS FOR A
# PARTICULAR PURPOSE.

# This program built for i386-pc-mingw32
 

# Make data base, printed on Sat Jul 23 11:05:44 2022

# Variables

# automatic
<D = $(patsubst %/,%,$(dir $<))
# automatic
?F = $(notdir $?)
# makefile
MAKEFLAGS = Rrqp
# automatic
?D = $(patsubst %/,%,$(dir $?))
# automatic
@D = $(patsubst %/,%,$(dir $@))
# environment
HOMEDRIVE = C:
# automatic
@F = $(notdir $@)
# automatic
^D = $(patsubst %/,%,$(dir $^))
# makefile
CURDIR := g:/My Drive/Data_Structure-Algorithm_with_C
# default
SHELL := sh.exe
# environment
WINDIR = C:\WINDOWS
# environment
VSCODE_NLS_CONFIG = {"locale":"en-us","availableLanguages":{},"_languagePackSupport":true}
# environment
ONEDRIVE = C:\Users\jiwoo\OneDrive
# environment
PUBLIC = C:\Users\Public
# environment
PATHEXT = .COM;.EXE;.BAT;.CMD;.VBS;.VBE;.JS;.JSE;.WSF;.WSH;.MSC
# makefile
MAKEFILE_LIST := 
# environment
FPS_BROWSER_USER_PROFILE_STRING = Default
# environment
TMP = C:\Users\jiwoo\AppData\Local\Temp
# environment
PROGRAMW6432 = C:\Program Files
# environment
CDS_LISTENER_MODE = LOCAL
# environment
VSCODE_CWD = C:\Users\jiwoo\AppData\Local\Programs\Microsoft VS Code
# environment
OPENCV_DIR = C:\OpenCV
# environment
CDS_LIC_ONLY = 1
# environment
PATH = C:\Program Files (x86)\VMware\VMware Workstation\bin\;C:\Program Files\Eclipse Adoptium\jdk-17.0.1.12-hotspot\bin;C:\Program Files (x86)\NVIDIA Corporation\PhysX\Common;C:\ProgramData\Oracle\Java\javapath;C:\Program Files (x86)\Common Files\Oracle\Java\javapath;C:\WINDOWS\system32;C:\WINDOWS;C:\WINDOWS\System32\Wbem;C:\WINDOWS\System32\WindowsPowerShell\v1.0\;C:\WINDOWS\System32\OpenSSH\;C:\Program Files\PuTTY\;C:\Program Files (x86)\STMicroelectronics\STM32 ST-LINK Utility\ST-LINK Utility;C:\Program Files\MiKTeX 2.9\miktex\bin\x64\;C:\Program Files\Git\cmd;C:\Program Files (x86)\Nordic Semiconductor\nrf5x\bin\;C:\Program Files\MATLAB\R2020b\runtime\win64;C:\Program Files\MATLAB\R2020b\bin;C:\Program Files\Microsoft SQL Server\130\Tools\Binn\;C:\Program Files\Microsoft SQL Server\Client SDK\ODBC\170\Tools\Binn\;C:\ProgramData\chocolatey\bin;C:\Users\jiwoo\Desktop\ffmpeg-4.3.1-2020-10-01-full_build\ffmpeg\bin;C:\Program Files (x86)\Windows Kits\8.1\Windows Performance Toolkit\;C:\MinGW\bin;C:\Program Files\CMake\bin;C:\Program Files (x86)\GnuWin32\bin;C:\Program Files\dotnet\;C:\WINDOWS\system32;C:\WINDOWS;C:\WINDOWS\System32\Wbem;C:\WINDOWS\System32\WindowsPowerShell\v1.0\;C:\WINDOWS\System32\OpenSSH\;C:\msys64\mingw64\bin;C:\OpenCV\build\x64\vc15\bin;C:\Program Files\Bandizip\;C:\Users\jiwoo\AppData\Local\Programs\Python\Python39\Scripts\;C:\Users\jiwoo\AppData\Local\Programs\Python\Python39\;C:\windows\system32;C:\windows;C:\windows\System32\Wbem;C:\windows\System32\WindowsPowerShell\v1.0\;C:\windows\System32\OpenSSH\;C:\Users\jiwoo\AppData\Local\Microsoft\WindowsApps;C:\Users\jiwoo\AppData\Local\GitHubDesktop\bin;C:\Users\jiwoo\.dotnet\tools;C:\Python34\Scripts;C:\Users\jiwoo\AppData\Local\Microsoft\WindowsApps;C:\OpenCV\x64\vc16\bin;C:\Users\jiwoo\AppData\Local\Programs\Microsoft VS Code\bin;C:\Users\jiwoo\.dotnet\tools
# environment
SW_SIM_HYDRA = C:\Program Files\Common Files\SolidWorks Shared\Simulation Worker Agent\
# environment
ONLINESERVICES = Online Services
# environment
COMMONPROGRAMW6432 = C:\Program Files\Common Files
# environment
ZES_ENABLE_SYSMAN = 1
# environment
NIEXTCCOMPILERSUPP = C:\Program Files (x86)\National Instruments\Shared\ExternalCompilerSupport\C\
# environment
CHOCOLATEYLASTPATHUPDATE = 132483015751815535
# environment
PROCESSOR_ARCHITECTURE = x86
# automatic
%D = $(patsubst %/,%,$(dir $%))
# environment
USERPROFILE = C:\Users\jiwoo
# environment
ALLUSERSPROFILE = C:\ProgramData
# environment
NUMBER_OF_PROCESSORS = 8
# environment
ELECTRON_RUN_AS_NODE = 1
# default
.FEATURES := target-specific order-only second-expansion else-if archives
# environment
NRFGOSTUDIOPATH = C:\Program Files (x86)\Nordic Semiconductor\nRFgo Studio
# automatic
%F = $(notdir $%)
# environment
CHROME_CRASHPAD_PIPE_NAME = \\.\pipe\crashpad_27660_UPVPNNHNLDQHJFSV
# environment
COMPUTERNAME = DESKTOP-SFJ547R
# environment
PROGRAMFILES = C:\Program Files (x86)
# environment
DRIVERDATA = C:\Windows\System32\Drivers\DriverData
# environment
ORIGINAL_XDG_CURRENT_DESKTOP = undefined
# environment
USERNAME = jiwoo
# environment
KMP_DUPLICATE_LIB_OK = TRUE
# environment
VSCODE_AMD_ENTRYPOINT = vs/workbench/api/node/extensionHostProcess
# environment
HOME = C:\SPB_DATA
# environment
VSCODE_CODE_CACHE_PATH = C:\Users\jiwoo\AppData\Roaming\Code\CachedData\3b889b090b5ad5793f524b5d1d39fda662b96a2a
# environment
APPLICATION_INSIGHTS_NO_DIAGNOSTIC_CHANNEL = 1
# environment
COMMONPROGRAMFILES = C:\Program Files (x86)\Common Files
# environment
LOGONSERVER = \\DESKTOP-SFJ547R
# environment
CDS_LIC_FILE = C:\Cadence\SPB_17.4\License.dat
# environment
VSCODE_HANDLES_UNCAUGHT_ERRORS = true
# environment
USERDOMAIN = DESKTOP-SFJ547R
# default
MAKE = $(MAKE_COMMAND)
# default
MAKECMDGOALS := all
# default
MAKE_VERSION := 3.81
# makefile
.DEFAULT_GOAL := 
# environment
PROGRAMFILES(X86) = C:\Program Files (x86)
# environment
FFMPEG = C:\Users\jiwoo\Desktop\ffmpeg-4.3.1-2020-10-01-full_build\ffmpeg
# environment
LOCALAPPDATA = C:\Users\jiwoo\AppData\Local
# environment
PSMODULEPATH = %ProgramFiles%\WindowsPowerShell\Modules;C:\WINDOWS\system32\WindowsPowerShell\v1.0\Modules
# default
MAKE_COMMAND := make.exe
# environment
PROCESSOR_ARCHITEW6432 = AMD64
# default
.VARIABLES := 
# environment
PROGRAMDATA = C:\ProgramData
# automatic
*F = $(notdir $*)
# environment
PROCESSOR_IDENTIFIER = Intel64 Family 6 Model 142 Stepping 12, GenuineIntel
# environment
OS = Windows_NT
# environment
VSCODE_IPC_HOOK = \\.\pipe\62f130cc4ea086a017a8edfe7070e9c2-1.69.2-main-sock
# environment
HOMEPATH = \Users\jiwoo
# environment
COMMONPROGRAMFILES(X86) = C:\Program Files (x86)\Common Files
# environment
PROMPT = $P$G
# environment
MFLAGS = -Rrqp
# automatic
*D = $(patsubst %/,%,$(dir $*))
# environment
REGIONCODE = NA
# environment
SYSTEMROOT = C:\WINDOWS
# automatic
+D = $(patsubst %/,%,$(dir $+))
# environment
PLATFORMCODE = KV
# automatic
+F = $(notdir $+)
# environment
APPDATA = C:\Users\jiwoo\AppData\Roaming
# environment
TEMP = C:\Users\jiwoo\AppData\Local\Temp
# environment
COMSPEC = C:\WINDOWS\system32\cmd.exe
# default
MAKEFILES := 
# automatic
<F = $(notdir $<)
# environment
VS160COMCOMNTOOLS = C:\Program Files (x86)\Microsoft Visual Studio\2019\Community\Common7\Tools\
# environment
MKL_SERIAL = YES
# environment
LC_ALL = C
# environment
SW_SIM_TEMP = C:\ProgramData\SOLIDWORKS\SW_net_sim_temp\
# automatic
^F = $(notdir $^)
# default
SUFFIXES := 
# environment
SYSTEMDRIVE = C:
# environment
PROCESSOR_REVISION = 8e0c
# environment
SW_SIM_MPIT = INTELMPI
# environment
MAKELEVEL := 0
# environment
LANG = C
# environment
PROCESSOR_LEVEL = 6
# environment
FPS_BROWSER_APP_PROFILE_STRING = Internet Explorer
# environment
VSCODE_PID = 27660
# environment
USERDOMAIN_ROAMINGPROFILE = DESKTOP-SFJ547R
# variable set hash-table stats:
# Load=101/1024=10%, Rehash=0, Collisions=12/118=10%

# Pattern-specific Variable Values

# No pattern-specific variable values.

# Directories

# C:\Program Files\Bandizip\ (key C:/Program Files/Bandizip/, mtime 1645869432): 20 files, no impossibilities.
# C:\Python34\Scripts: could not be stat'd.
# C:\WINDOWS\System32\WindowsPowerShell\v1.0\ (key C:/WINDOWS/System32/WindowsPowerShell/v1.0/, mtime 1644685351): 32 files, no impossibilities.
# C:\WINDOWS\System32\Wbem (key C:/WINDOWS/System32/Wbem, mtime 1652566390): 155 files, no impossibilities.
# . (key g:/My Drive/Data_Structure-Algorithm_with_C, mtime 1658541617): 31 files, no impossibilities.
# C:\Program Files (x86)\Windows Kits\8.1\Windows Performance Toolkit\ (key C:/Program Files (x86)/Windows Kits/8.1/Windows Performance Toolkit/, mtime 1605101025): 73 files, no impossibilities.
# C:\Program Files (x86)\STMicroelectronics\STM32 ST-LINK Utility\ST-LINK Utility (key C:/Program Files (x86)/STMicroelectronics/STM32 ST-LINK Utility/ST-LINK Utility, mtime 1583957634): 12 files, no impossibilities.
# C:\Program Files (x86)\NVIDIA Corporation\PhysX\Common (key C:/Program Files (x86)/NVIDIA Corporation/PhysX/Common, mtime 1605101239): 5 files, no impossibilities.
# C:\ProgramData\chocolatey\bin (key C:/ProgramData/chocolatey/bin, mtime 1603828005): 15 files, no impossibilities.
# C:\Program Files\dotnet\ (key C:/Program Files/dotnet/, mtime 1644574931): 10 files, no impossibilities.
# C:\Program Files\Eclipse Adoptium\jdk-17.0.1.12-hotspot\bin (key C:/Program Files/Eclipse Adoptium/jdk-17.0.1.12-hotspot/bin, mtime 1636611009): 122 files, no impossibilities.
# C:\MinGW\bin (key C:/MinGW/bin, mtime 1641055287): 63 files, no impossibilities.
# C:\Program Files\MATLAB\R2020b\bin (key C:/Program Files/MATLAB/R2020b/bin, mtime 1601321764): 16 files, no impossibilities.
# C:\Users\jiwoo\Desktop\ffmpeg-4.3.1-2020-10-01-full_build\ffmpeg\bin: could not be stat'd.
# C:\Program Files (x86)\VMware\VMware Workstation\bin\ (key C:/Program Files (x86)/VMware/VMware Workstation/bin/, mtime 1650970506): 4 files, no impossibilities.
# C:\WINDOWS\System32\OpenSSH\: could not be stat'd.
# C:\Program Files\PuTTY\ (key C:/Program Files/PuTTY/, mtime 1582770694): 12 files, no impossibilities.
# C:\Program Files (x86)\Common Files\Oracle\Java\javapath (key C:/Program Files (x86)/Common Files/Oracle/Java/javapath, mtime 1629263057): 5 files, no impossibilities.
# C:\Users\jiwoo\AppData\Local\Programs\Microsoft VS Code\bin (key C:/Users/jiwoo/AppData/Local/Programs/Microsoft VS Code/bin, mtime 1658540032): 4 files, no impossibilities.
# C:\Program Files\Microsoft SQL Server\130\Tools\Binn\ (key C:/Program Files/Microsoft SQL Server/130/Tools/Binn/, mtime 1601419771): 4 files, no impossibilities.
# C:\WINDOWS (key C:/WINDOWS, mtime 1657658733): 145 files, no impossibilities.
# C:\ProgramData\Oracle\Java\javapath (key C:/ProgramData/Oracle/Java/javapath, mtime 1601291843): 5 files, no impossibilities.
# C:\OpenCV\x64\vc16\bin (key C:/OpenCV/x64/vc16/bin, mtime 1626987837): 113 files, no impossibilities.
# C:\Program Files\Microsoft SQL Server\Client SDK\ODBC\170\Tools\Binn\ (key C:/Program Files/Microsoft SQL Server/Client SDK/ODBC/170/Tools/Binn/, mtime 1601419778): 7 files, no impossibilities.
# C:\Users\jiwoo\.dotnet\tools: could not be stat'd.
# C:\Program Files\MiKTeX 2.9\miktex\bin\x64\ (key C:/Program Files/MiKTeX 2.9/miktex/bin/x64/, mtime 1583464099): 661 files, no impossibilities.
# C:\Program Files (x86)\Nordic Semiconductor\nrf5x\bin\ (key C:/Program Files (x86)/Nordic Semiconductor/nrf5x/bin/, mtime 1584104923): 12 files, no impossibilities.
# C:\msys64\mingw64\bin (key C:/msys64/mingw64/bin, mtime 1645328171): 207 files, no impossibilities.
# C:\Program Files\Git\cmd (key C:/Program Files/Git/cmd, mtime 1583973093): 8 files, no impossibilities.
# C:\WINDOWS\system32 (key C:/WINDOWS/system32, mtime 1657944539): 3177 files, no impossibilities.
# C:\Program Files\MATLAB\R2020b\runtime\win64 (key C:/Program Files/MATLAB/R2020b/runtime/win64, mtime 1601321897): 10 files, no impossibilities.
# C:\Users\jiwoo\AppData\Local\Programs\Python\Python39\ (key C:/Users/jiwoo/AppData/Local/Programs/Python/Python39/, mtime 1641386400): 22 files, no impossibilities.
# C:\Users\jiwoo\AppData\Local\GitHubDesktop\bin (key C:/Users/jiwoo/AppData/Local/GitHubDesktop/bin, mtime 1583356237): 4 files, no impossibilities.
# C:\Users\jiwoo\AppData\Local\Microsoft\WindowsApps (key C:/Users/jiwoo/AppData/Local/Microsoft/WindowsApps, mtime 1658538083): 39 files, no impossibilities.
# C:\OpenCV\build\x64\vc15\bin (key C:/OpenCV/build/x64/vc15/bin, mtime 1645526134): 15 files, no impossibilities.
# C:\Program Files\CMake\bin (key C:/Program Files/CMake/bin, mtime 1640612549): 7 files, no impossibilities.
# C:\Users\jiwoo\AppData\Local\Programs\Python\Python39\Scripts\ (key C:/Users/jiwoo/AppData/Local/Programs/Python/Python39/Scripts/, mtime 1646537440): 79 files, no impossibilities.
# C:\Program Files (x86)\GnuWin32\bin (key C:/Program Files (x86)/GnuWin32/bin, mtime 1643697642): 5 files, no impossibilities.

# 5099 files, no impossibilities in 38 directories.

# Implicit Rules

# No implicit rules.

# Files

# Not a target:
all:
#  Command-line target.
#  Implicit rule search has been done.
#  File does not exist.
#  File has not been updated.
# variable set hash-table stats:
# Load=0/32=0%, Rehash=0, Collisions=0/0=0%

# Not a target:
.DEFAULT:
#  Implicit rule search has not been done.
#  Modification time never checked.
#  File has not been updated.

# Not a target:
makefile:
#  A default, MAKEFILES, or -include/sinclude makefile.
#  Implicit rule search has been done.
#  File does not exist.
#  File has been updated.
#  Failed to be updated.
# variable set hash-table stats:
# Load=0/32=0%, Rehash=0, Collisions=0/0=0%

# Not a target:
.SUFFIXES:
#  Implicit rule search has not been done.
#  Modification time never checked.
#  File has not been updated.

# Not a target:
GNUmakefile:
#  A default, MAKEFILES, or -include/sinclude makefile.
#  Implicit rule search has been done.
#  File does not exist.
#  File has been updated.
#  Failed to be updated.
# variable set hash-table stats:
# Load=0/32=0%, Rehash=0, Collisions=0/0=0%

# files hash-table stats:
# Load=5/1024=0%, Rehash=0, Collisions=0/16=0%
# VPATH Search Paths

# No `vpath' search paths.

# No general (`VPATH' variable) search path.

# # of strings in strcache: 0
# # of strcache buffers: 0
# strcache size: total = 0 / max = 0 / min = 4096 / avg = 0
# strcache free: total = 0 / max = 0 / min = 4096 / avg = 0

# Finished Make data base on Sat Jul 23 11:05:44 2022

 
make.exe: *** No rule to make target `all'.  Stop.

